<?xml version="1.0" encoding="UTF-8"?>
<testng-results ignored="0" total="1" passed="1" failed="0" skipped="0">
  <reporter-output>
  </reporter-output>
  <suite started-at="2020-11-06T12:30:58 CST" name="Price Test Suite" finished-at="2020-11-06T12:31:11 CST" duration-ms="12117">
    <groups>
      <group name="sanity">
        <method signature="PriceTest.doCheckPrice(pojos.productData)[pri:0, instance:tests.PriceTest@88a8218]" name="doCheckPrice" class="tests.PriceTest"/>
      </group> <!-- sanity -->
    </groups>
    <test started-at="2020-11-06T12:30:58 CST" name="Check Price Test" finished-at="2020-11-06T12:31:11 CST" duration-ms="12117">
      <class name="tests.PriceTest">
        <test-method is-config="true" signature="setUpTest()[pri:0, instance:tests.PriceTest@88a8218]" started-at="2020-11-06T12:30:59 CST" name="setUpTest" finished-at="2020-11-06T12:31:04 CST" duration-ms="5444" status="PASS">
          <reporter-output>
          </reporter-output>
        </test-method> <!-- setUpTest -->
        <test-method signature="doCheckPrice(pojos.productData)[pri:0, instance:tests.PriceTest@88a8218]" started-at="2020-11-06T12:31:04 CST" name="doCheckPrice" description="List of products to test" data-provider="getProductsFromJson" finished-at="2020-11-06T12:31:10 CST" duration-ms="6121" status="PASS">
          <params>
            <param index="0">
              <value>
                <![CDATA[pojos.productData@759a678a]]>
              </value>
            </param>
          </params>
          <reporter-output>
          </reporter-output>
        </test-method> <!-- doCheckPrice -->
        <test-method is-config="true" signature="tearDown()[pri:0, instance:tests.PriceTest@88a8218]" started-at="2020-11-06T12:31:11 CST" name="tearDown" finished-at="2020-11-06T12:31:11 CST" duration-ms="0" status="PASS">
          <reporter-output>
          </reporter-output>
        </test-method> <!-- tearDown -->
      </class> <!-- tests.PriceTest -->
    </test> <!-- Check Price Test -->
  </suite> <!-- Price Test Suite -->
</testng-results>
