<?xml version="1.0" encoding="UTF-8"?>
<testng-results ignored="0" total="3" passed="2" failed="1" skipped="0">
  <reporter-output>
  </reporter-output>
  <suite started-at="2020-11-07T13:40:04 CST" name="Price Test Suite" finished-at="2020-11-07T13:40:13 CST" duration-ms="9370">
    <groups>
      <group name="sanity">
        <method signature="PriceTest.doCheckPrice(pojos.productData)[pri:0, instance:tests.PriceTest@63a5d002]" name="doCheckPrice" class="tests.PriceTest"/>
      </group> <!-- sanity -->
    </groups>
    <test started-at="2020-11-07T13:40:04 CST" name="Check Price Test" finished-at="2020-11-07T13:40:13 CST" duration-ms="9370">
      <class name="tests.PriceTest">
        <test-method is-config="true" signature="setUpTest()[pri:0, instance:tests.PriceTest@63a5d002]" started-at="2020-11-07T13:40:04 CST" name="setUpTest" finished-at="2020-11-07T13:40:08 CST" duration-ms="3544" status="PASS">
          <reporter-output>
          </reporter-output>
        </test-method> <!-- setUpTest -->
        <test-method signature="doCheckPrice(pojos.productData)[pri:0, instance:tests.PriceTest@63a5d002]" started-at="2020-11-07T13:40:08 CST" name="doCheckPrice" description="List of products to test" data-provider="getProductsFromJson" finished-at="2020-11-07T13:40:12 CST" duration-ms="4839" status="PASS">
          <params>
            <param index="0">
              <value>
                <![CDATA[pojos.productData@31940704]]>
              </value>
            </param>
          </params>
          <reporter-output>
          </reporter-output>
        </test-method> <!-- doCheckPrice -->
        <test-method is-config="true" signature="tearDown()[pri:0, instance:tests.PriceTest@63a5d002]" started-at="2020-11-07T13:40:12 CST" name="tearDown" finished-at="2020-11-07T13:40:13 CST" duration-ms="979" status="PASS">
          <reporter-output>
          </reporter-output>
        </test-method> <!-- tearDown -->
      </class> <!-- tests.PriceTest -->
    </test> <!-- Check Price Test -->
  </suite> <!-- Price Test Suite -->
  <suite started-at="2020-11-07T13:39:40 CST" name="Register Suite" finished-at="2020-11-07T13:39:53 CST" duration-ms="12996">
    <groups>
      <group name="sanity">
        <method signature="RegisterTest.doRegister()[pri:0, instance:tests.RegisterTest@5fa05212]" name="doRegister" class="tests.RegisterTest"/>
      </group> <!-- sanity -->
    </groups>
    <test started-at="2020-11-07T13:39:40 CST" name="Register Test" finished-at="2020-11-07T13:39:53 CST" duration-ms="12996">
      <class name="tests.RegisterTest">
        <test-method is-config="true" signature="setUpTest()[pri:0, instance:tests.RegisterTest@5fa05212]" started-at="2020-11-07T13:39:40 CST" name="setUpTest" finished-at="2020-11-07T13:39:45 CST" duration-ms="5397" status="PASS">
          <reporter-output>
          </reporter-output>
        </test-method> <!-- setUpTest -->
        <test-method signature="doRegister()[pri:0, instance:tests.RegisterTest@5fa05212]" started-at="2020-11-07T13:39:45 CST" name="doRegister" finished-at="2020-11-07T13:39:52 CST" duration-ms="6366" status="PASS">
          <reporter-output>
          </reporter-output>
        </test-method> <!-- doRegister -->
        <test-method is-config="true" signature="tearDown()[pri:0, instance:tests.RegisterTest@5fa05212]" started-at="2020-11-07T13:39:52 CST" name="tearDown" finished-at="2020-11-07T13:39:53 CST" duration-ms="916" status="PASS">
          <reporter-output>
          </reporter-output>
        </test-method> <!-- tearDown -->
      </class> <!-- tests.RegisterTest -->
    </test> <!-- Register Test -->
  </suite> <!-- Register Suite -->
  <suite started-at="2020-11-07T13:39:53 CST" name="Purchase Suite" finished-at="2020-11-07T13:40:04 CST" duration-ms="11181">
    <groups>
      <group name="sanity">
        <method signature="PurchaseOrderTest.doNotAllowedPurchase(pojos.productData)[pri:0, instance:tests.PurchaseOrderTest@2e16b08d]" name="doNotAllowedPurchase" class="tests.PurchaseOrderTest"/>
      </group> <!-- sanity -->
    </groups>
    <test started-at="2020-11-07T13:39:53 CST" name="Purchase Product Test" finished-at="2020-11-07T13:40:04 CST" duration-ms="11181">
      <class name="tests.PurchaseOrderTest">
        <test-method is-config="true" signature="setUpTest()[pri:0, instance:tests.PurchaseOrderTest@2e16b08d]" started-at="2020-11-07T13:39:53 CST" name="setUpTest" finished-at="2020-11-07T13:39:56 CST" duration-ms="3352" status="PASS">
          <reporter-output>
          </reporter-output>
        </test-method> <!-- setUpTest -->
        <test-method signature="doNotAllowedPurchase(pojos.productData)[pri:0, instance:tests.PurchaseOrderTest@2e16b08d]" started-at="2020-11-07T13:39:56 CST" name="doNotAllowedPurchase" description="List of products to test" data-provider="getProductsFromJson" finished-at="2020-11-07T13:40:03 CST" duration-ms="6958" status="FAIL">
          <params>
            <param index="0">
              <value>
                <![CDATA[pojos.productData@53e93fb7]]>
              </value>
            </param>
          </params>
          <exception class="org.openqa.selenium.NoSuchElementException">
            <message>
              <![CDATA[no such element: Unable to locate element: {"method":"xpath","selector":"//div[contains(@class, 'alert alert-success')]"}
  (Session info: chrome=86.0.4240.111)
For documentation on this error, please visit: https://www.seleniumhq.org/exceptions/no_such_element.html
Build info: version: '3.141.59', revision: 'e82be7d358', time: '2018-11-14T08:17:03'
System info: host: 'LAPTOP-NNEH4MU1', ip: '192.168.43.69', os.name: 'Windows 10', os.arch: 'amd64', os.version: '10.0', java.version: '15.0.1'
Driver info: org.openqa.selenium.chrome.ChromeDriver
Capabilities {acceptInsecureCerts: false, browserName: chrome, browserVersion: 86.0.4240.111, chrome: {chromedriverVersion: 86.0.4240.22 (398b0743353ff..., userDataDir: C:\Users\cmoramom\AppData\L...}, goog:chromeOptions: {debuggerAddress: localhost:64990}, javascriptEnabled: true, networkConnectionEnabled: false, pageLoadStrategy: normal, platform: WINDOWS, platformName: WINDOWS, proxy: Proxy(), setWindowRect: true, strictFileInteractability: false, timeouts: {implicit: 0, pageLoad: 300000, script: 30000}, unhandledPromptBehavior: dismiss and notify, webauthn:virtualAuthenticators: true}
Session ID: fdf12b0d78fb5e728ad307e69132faf2
*** Element info: {Using=xpath, value=//div[contains(@class, 'alert alert-success')]}]]>
            </message>
            <full-stacktrace>
              <![CDATA[org.openqa.selenium.NoSuchElementException: no such element: Unable to locate element: {"method":"xpath","selector":"//div[contains(@class, 'alert alert-success')]"}
  (Session info: chrome=86.0.4240.111)
For documentation on this error, please visit: https://www.seleniumhq.org/exceptions/no_such_element.html
Build info: version: '3.141.59', revision: 'e82be7d358', time: '2018-11-14T08:17:03'
System info: host: 'LAPTOP-NNEH4MU1', ip: '192.168.43.69', os.name: 'Windows 10', os.arch: 'amd64', os.version: '10.0', java.version: '15.0.1'
Driver info: org.openqa.selenium.chrome.ChromeDriver
Capabilities {acceptInsecureCerts: false, browserName: chrome, browserVersion: 86.0.4240.111, chrome: {chromedriverVersion: 86.0.4240.22 (398b0743353ff..., userDataDir: C:\Users\cmoramom\AppData\L...}, goog:chromeOptions: {debuggerAddress: localhost:64990}, javascriptEnabled: true, networkConnectionEnabled: false, pageLoadStrategy: normal, platform: WINDOWS, platformName: WINDOWS, proxy: Proxy(), setWindowRect: true, strictFileInteractability: false, timeouts: {implicit: 0, pageLoad: 300000, script: 30000}, unhandledPromptBehavior: dismiss and notify, webauthn:virtualAuthenticators: true}
Session ID: fdf12b0d78fb5e728ad307e69132faf2
*** Element info: {Using=xpath, value=//div[contains(@class, 'alert alert-success')]}
at java.base/jdk.internal.reflect.NativeConstructorAccessorImpl.newInstance0(Native Method)
at java.base/jdk.internal.reflect.NativeConstructorAccessorImpl.newInstance(NativeConstructorAccessorImpl.java:64)
at java.base/jdk.internal.reflect.DelegatingConstructorAccessorImpl.newInstance(DelegatingConstructorAccessorImpl.java:45)
at java.base/java.lang.reflect.Constructor.newInstanceWithCaller(Constructor.java:500)
at java.base/java.lang.reflect.Constructor.newInstance(Constructor.java:481)
at org.openqa.selenium.remote.http.W3CHttpResponseCodec.createException(W3CHttpResponseCodec.java:187)
at org.openqa.selenium.remote.http.W3CHttpResponseCodec.decode(W3CHttpResponseCodec.java:122)
at org.openqa.selenium.remote.http.W3CHttpResponseCodec.decode(W3CHttpResponseCodec.java:49)
at org.openqa.selenium.remote.HttpCommandExecutor.execute(HttpCommandExecutor.java:158)
at org.openqa.selenium.remote.service.DriverCommandExecutor.execute(DriverCommandExecutor.java:83)
at org.openqa.selenium.remote.RemoteWebDriver.execute(RemoteWebDriver.java:552)
at org.openqa.selenium.remote.RemoteWebDriver.findElement(RemoteWebDriver.java:323)
at org.openqa.selenium.remote.RemoteWebDriver.findElementByXPath(RemoteWebDriver.java:428)
at org.openqa.selenium.By$ByXPath.findElement(By.java:353)
at org.openqa.selenium.remote.RemoteWebDriver.findElement(RemoteWebDriver.java:315)
at pageObjects.ProductPage.getSuccessModal(ProductPage.java:32)
at tests.PurchaseOrderTest.doNotAllowedPurchase(PurchaseOrderTest.java:43)
at java.base/jdk.internal.reflect.NativeMethodAccessorImpl.invoke0(Native Method)
at java.base/jdk.internal.reflect.NativeMethodAccessorImpl.invoke(NativeMethodAccessorImpl.java:64)
at java.base/jdk.internal.reflect.DelegatingMethodAccessorImpl.invoke(DelegatingMethodAccessorImpl.java:43)
at java.base/java.lang.reflect.Method.invoke(Method.java:564)
at org.testng.internal.MethodInvocationHelper.invokeMethod(MethodInvocationHelper.java:132)
at org.testng.internal.TestInvoker.invokeMethod(TestInvoker.java:599)
at org.testng.internal.TestInvoker.invokeTestMethod(TestInvoker.java:174)
at org.testng.internal.MethodRunner.runInSequence(MethodRunner.java:46)
at org.testng.internal.TestInvoker$MethodInvocationAgent.invoke(TestInvoker.java:822)
at org.testng.internal.TestInvoker.invokeTestMethods(TestInvoker.java:147)
at org.testng.internal.TestMethodWorker.invokeTestMethods(TestMethodWorker.java:146)
at org.testng.internal.TestMethodWorker.run(TestMethodWorker.java:128)
at java.base/java.util.ArrayList.forEach(ArrayList.java:1511)
at org.testng.TestRunner.privateRun(TestRunner.java:764)
at org.testng.TestRunner.run(TestRunner.java:585)
at org.testng.SuiteRunner.runTest(SuiteRunner.java:384)
at org.testng.SuiteRunner.runSequentially(SuiteRunner.java:378)
at org.testng.SuiteRunner.privateRun(SuiteRunner.java:337)
at org.testng.SuiteRunner.run(SuiteRunner.java:286)
at org.testng.SuiteRunnerWorker.runSuite(SuiteRunnerWorker.java:53)
at org.testng.SuiteRunnerWorker.run(SuiteRunnerWorker.java:96)
at org.testng.TestNG.runSuitesSequentially(TestNG.java:1218)
at org.testng.TestNG.runSuitesLocally(TestNG.java:1140)
at org.testng.TestNG.runSuites(TestNG.java:1069)
at org.testng.TestNG.run(TestNG.java:1037)
at org.apache.maven.surefire.testng.TestNGExecutor.run(TestNGExecutor.java:283)
at org.apache.maven.surefire.testng.TestNGXmlTestSuite.execute(TestNGXmlTestSuite.java:75)
at org.apache.maven.surefire.testng.TestNGProvider.invoke(TestNGProvider.java:120)
at org.apache.maven.surefire.booter.ForkedBooter.invokeProviderInSameClassLoader(ForkedBooter.java:383)
at org.apache.maven.surefire.booter.ForkedBooter.runSuitesInProcess(ForkedBooter.java:344)
at org.apache.maven.surefire.booter.ForkedBooter.execute(ForkedBooter.java:125)
at org.apache.maven.surefire.booter.ForkedBooter.main(ForkedBooter.java:417)
]]>
            </full-stacktrace>
          </exception> <!-- org.openqa.selenium.NoSuchElementException -->
          <reporter-output>
          </reporter-output>
        </test-method> <!-- doNotAllowedPurchase -->
        <test-method is-config="true" signature="tearDown()[pri:0, instance:tests.PurchaseOrderTest@2e16b08d]" started-at="2020-11-07T13:40:03 CST" name="tearDown" finished-at="2020-11-07T13:40:04 CST" duration-ms="712" status="PASS">
          <reporter-output>
          </reporter-output>
        </test-method> <!-- tearDown -->
      </class> <!-- tests.PurchaseOrderTest -->
    </test> <!-- Purchase Product Test -->
  </suite> <!-- Purchase Suite -->
</testng-results>
